#
# There is insufficient memory for the Java Runtime Environment to continue.
# Native memory allocation (malloc) failed to allocate 78118912 bytes for committing reserved memory.
# Possible reasons:
#   The system is out of physical RAM or swap space
#   In 32 bit mode, the process size limit was hit
# Possible solutions:
#   Reduce memory load on the system
#   Increase physical memory or swap space
#   Check if swap backing store is full
#   Use 64 bit Java on a 64 bit OS
#   Decrease Java heap size (-Xmx/-Xms)
#   Decrease number of Java threads
#   Decrease Java thread stack sizes (-Xss)
#   Set larger code cache with -XX:ReservedCodeCacheSize=
# This output file may be truncated or incomplete.
#
#  Out of Memory Error (os_linux.cpp:2798), pid=8127, tid=140042525189888
#
# JRE version: OpenJDK Runtime Environment (7.0_65-b32) (build 1.7.0_65-b32)
# Java VM: OpenJDK 64-Bit Server VM (24.65-b04 mixed mode linux-amd64 compressed oops)
# Derivative: IcedTea 2.5.3
# Distribution: Ubuntu 14.04 LTS, package 7u71-2.5.3-0ubuntu0.14.04.1
# Failed to write core dump. Core dumps have been disabled. To enable core dumping, try "ulimit -c unlimited" before starting Java again
#

---------------  T H R E A D  ---------------

Current thread (0x00007f5e38091000):  VMThread [stack: 0x00007f5e30e7a000,0x00007f5e30f7b000] [id=8135]

Stack: [0x00007f5e30e7a000,0x00007f5e30f7b000],  sp=0x00007f5e30f79490,  free space=1021k
Native frames: (J=compiled Java code, j=interpreted, Vv=VM code, C=native code)
V  [libjvm.so+0x948b05]  VMError::report_and_die()+0x175
V  [libjvm.so+0x48bc34]  report_vm_out_of_memory(char const*, int, unsigned long, char const*)+0x74
V  [libjvm.so+0x7c7bfb]  os::pd_commit_memory(char*, unsigned long, unsigned long, bool)+0xeb
V  [libjvm.so+0x7c26bf]  os::commit_memory(char*, unsigned long, unsigned long, bool)+0x1f
V  [libjvm.so+0x833e4b]  PSVirtualSpace::expand_by(unsigned long)+0x5b
V  [libjvm.so+0x834ca0]  PSYoungGen::resize_generation(unsigned long, unsigned long)+0xb0
V  [libjvm.so+0x83538b]  PSYoungGen::resize(unsigned long, unsigned long)+0x1b
V  [libjvm.so+0x831670]  PSScavenge::invoke_no_policy()+0xde0
V  [libjvm.so+0x831e48]  PSScavenge::invoke()+0x38
V  [libjvm.so+0x7e8823]  ParallelScavengeHeap::failed_mem_allocate(unsigned long)+0x63
V  [libjvm.so+0x94a504]  VM_ParallelGCFailedAllocation::doit()+0x84
V  [libjvm.so+0x94e9f7]  VM_Operation::evaluate()+0x47
V  [libjvm.so+0x94d368]  VMThread::evaluate_operation(VM_Operation*)+0x318
V  [libjvm.so+0x94d7c9]  VMThread::loop()+0x219
V  [libjvm.so+0x94dc12]  VMThread::run()+0x72
V  [libjvm.so+0x7c4ac2]  java_start(Thread*)+0xf2

VM_Operation (0x00007f5e3ed08690): ParallelGCFailedAllocation, mode: safepoint, requested by thread 0x00007f5e3800a800


---------------  P R O C E S S  ---------------

Java Threads: ( => current thread )
  0x00007f5e380cc000 JavaThread "Service Thread" daemon [_thread_blocked, id=8141, stack(0x00007f5e30441000,0x00007f5e30542000)]
  0x00007f5e380c9800 JavaThread "C2 CompilerThread1" daemon [_thread_blocked, id=8140, stack(0x00007f5e30542000,0x00007f5e30643000)]
  0x00007f5e380c6800 JavaThread "C2 CompilerThread0" daemon [_thread_blocked, id=8139, stack(0x00007f5e30643000,0x00007f5e30744000)]
  0x00007f5e380c4800 JavaThread "Signal Dispatcher" daemon [_thread_blocked, id=8138, stack(0x00007f5e30744000,0x00007f5e30845000)]
  0x00007f5e38097000 JavaThread "Finalizer" daemon [_thread_blocked, id=8137, stack(0x00007f5e30c78000,0x00007f5e30d79000)]
  0x00007f5e38095000 JavaThread "Reference Handler" daemon [_thread_blocked, id=8136, stack(0x00007f5e30d79000,0x00007f5e30e7a000)]
  0x00007f5e3800a800 JavaThread "main" [_thread_blocked, id=8129, stack(0x00007f5e3ec09000,0x00007f5e3ed0a000)]

Other Threads:
=>0x00007f5e38091000 VMThread [stack: 0x00007f5e30e7a000,0x00007f5e30f7b000] [id=8135]
  0x00007f5e380d6800 WatcherThread [stack: 0x00007f5e30340000,0x00007f5e30441000] [id=8142]

VM state:at safepoint (normal execution)

VM Mutex/Monitor currently owned by a thread:  ([mutex/lock_event])
[0x00007f5e38006a00] Threads_lock - owner thread: 0x00007f5e38091000
[0x00007f5e38006f00] Heap_lock - owner thread: 0x00007f5e3800a800

Heap
 PSYoungGen      total 128000K, used 246K [0x00000000eba80000, 0x00000000f3880000, 0x0000000100000000)
  eden space 126976K, 0% used [0x00000000eba80000,0x00000000eba80000,0x00000000f3680000)
  from space 1024K, 24% used [0x00000000f3680000,0x00000000f36bd818,0x00000000f3780000)
  to   space 1024K, 0% used [0x00000000f3780000,0x00000000f3780000,0x00000000f3880000)
 ParOldGen       total 41472K, used 616K [0x00000000c3000000, 0x00000000c5880000, 0x00000000eba80000)
  object space 41472K, 1% used [0x00000000c3000000,0x00000000c309a088,0x00000000c5880000)
 PSPermGen       total 21504K, used 4937K [0x00000000b8a00000, 0x00000000b9f00000, 0x00000000c3000000)
  object space 21504K, 22% used [0x00000000b8a00000,0x00000000b8ed2438,0x00000000b9f00000)

Card table byte_map: [0x00007f5e34589000,0x00007f5e347c5000] byte_map_base: 0x00007f5e33fc4000

Polling page: 0x00007f5e3ed2e000

Code Cache  [0x00007f5e347c5000, 0x00007f5e34a35000, 0x00007f5e377c5000)
 total_blobs=298 nmethods=101 adapters=152 free_code_cache=48677Kb largest_free_block=49827456

Compilation events (10 events):
Event: 0.565 Thread 0x00007f5e380c6800 nmethod 96 0x00007f5e3483a210 code [0x00007f5e3483a3c0, 0x00007f5e3483a768]
Event: 0.565 Thread 0x00007f5e380c6800   98             scala.collection.mutable.ArrayOps$class::$colon$plus (71 bytes)
Event: 0.575 Thread 0x00007f5e380c9800 nmethod 97 0x00007f5e3483b510 code [0x00007f5e3483b6e0, 0x00007f5e3483bc88]
Event: 0.575 Thread 0x00007f5e380c9800   99             scala.Array$::ofDim (8 bytes)
Event: 0.577 Thread 0x00007f5e380c9800 nmethod 99 0x00007f5e34839850 code [0x00007f5e348399e0, 0x00007f5e34839c98]
Event: 0.577 Thread 0x00007f5e380c9800  100             scala.Array$::copy (56 bytes)
Event: 0.582 Thread 0x00007f5e380c9800 nmethod 100 0x00007f5e3483c7d0 code [0x00007f5e3483c920, 0x00007f5e3483ca68]
Event: 0.582 Thread 0x00007f5e380c9800  101             scala.runtime.ScalaRunTime$::array_update (296 bytes)
Event: 0.591 Thread 0x00007f5e380c6800 nmethod 98 0x00007f5e3483d290 code [0x00007f5e3483d480, 0x00007f5e3483da68]
Event: 0.591 Thread 0x00007f5e380c9800 nmethod 101 0x00007f5e3483e590 code [0x00007f5e3483e6e0, 0x00007f5e3483e7f8]

GC Heap History (10 events):
Event: 0.467 GC heap after
Heap after GC invocations=4 (full 0):
 PSYoungGen      total 34304K, used 597K [0x00000000eba80000, 0x00000000ede80000, 0x0000000100000000)
  eden space 31744K, 0% used [0x00000000eba80000,0x00000000eba80000,0x00000000ed980000)
  from space 2560K, 23% used [0x00000000edc00000,0x00000000edc956a0,0x00000000ede80000)
  to   space 2560K, 0% used [0x00000000ed980000,0x00000000ed980000,0x00000000edc00000)
 ParOldGen       total 41472K, used 0K [0x00000000c3000000, 0x00000000c5880000, 0x00000000eba80000)
  object space 41472K, 0% used [0x00000000c3000000,0x00000000c3000000,0x00000000c5880000)
 PSPermGen       total 21504K, used 4937K [0x00000000b8a00000, 0x00000000b9f00000, 0x00000000c3000000)
  object space 21504K, 22% used [0x00000000b8a00000,0x00000000b8ed2438,0x00000000b9f00000)
}
Event: 0.485 GC heap before
{Heap before GC invocations=5 (full 0):
 PSYoungGen      total 34304K, used 32320K [0x00000000eba80000, 0x00000000ede80000, 0x0000000100000000)
  eden space 31744K, 99% used [0x00000000eba80000,0x00000000ed97acb8,0x00000000ed980000)
  from space 2560K, 23% used [0x00000000edc00000,0x00000000edc956a0,0x00000000ede80000)
  to   space 2560K, 0% used [0x00000000ed980000,0x00000000ed980000,0x00000000edc00000)
 ParOldGen       total 41472K, used 0K [0x00000000c3000000, 0x00000000c5880000, 0x00000000eba80000)
  object space 41472K, 0% used [0x00000000c3000000,0x00000000c3000000,0x00000000c5880000)
 PSPermGen       total 21504K, used 4937K [0x00000000b8a00000, 0x00000000b9f00000, 0x00000000c3000000)
  object space 21504K, 22% used [0x00000000b8a00000,0x00000000b8ed2438,0x00000000b9f00000)
Event: 0.487 GC heap after
Heap after GC invocations=5 (full 0):
 PSYoungGen      total 34304K, used 634K [0x00000000eba80000, 0x00000000efa80000, 0x0000000100000000)
  eden space 31744K, 0% used [0x00000000eba80000,0x00000000eba80000,0x00000000ed980000)
  from space 2560K, 24% used [0x00000000ed980000,0x00000000eda1eac8,0x00000000edc00000)
  to   space 1024K, 0% used [0x00000000ef980000,0x00000000ef980000,0x00000000efa80000)
 ParOldGen       total 41472K, used 0K [0x00000000c3000000, 0x00000000c5880000, 0x00000000eba80000)
  object space 41472K, 0% used [0x00000000c3000000,0x00000000c3000000,0x00000000c5880000)
 PSPermGen       total 21504K, used 4937K [0x00000000b8a00000, 0x00000000b9f00000, 0x00000000c3000000)
  object space 21504K, 22% used [0x00000000b8a00000,0x00000000b8ed2438,0x00000000b9f00000)
}
Event: 0.501 GC heap before
{Heap before GC invocations=6 (full 0):
 PSYoungGen      total 34304K, used 32378K [0x00000000eba80000, 0x00000000efa80000, 0x0000000100000000)
  eden space 31744K, 100% used [0x00000000eba80000,0x00000000ed980000,0x00000000ed980000)
  from space 2560K, 24% used [0x00000000ed980000,0x00000000eda1eac8,0x00000000edc00000)
  to   space 1024K, 0% used [0x00000000ef980000,0x00000000ef980000,0x00000000efa80000)
 ParOldGen       total 41472K, used 0K [0x00000000c3000000, 0x00000000c5880000, 0x00000000eba80000)
  object space 41472K, 0% used [0x00000000c3000000,0x00000000c3000000,0x00000000c5880000)
 PSPermGen       total 21504K, used 4937K [0x00000000b8a00000, 0x00000000b9f00000, 0x00000000c3000000)
  object space 21504K, 22% used [0x00000000b8a00000,0x00000000b8ed2438,0x00000000b9f00000)
Event: 0.503 GC heap after
Heap after GC invocations=6 (full 0):
 PSYoungGen      total 64512K, used 672K [0x00000000eba80000, 0x00000000efa80000, 0x0000000100000000)
  eden space 63488K, 0% used [0x00000000eba80000,0x00000000eba80000,0x00000000ef880000)
  from space 1024K, 65% used [0x00000000ef980000,0x00000000efa28000,0x00000000efa80000)
  to   space 1024K, 0% used [0x00000000ef880000,0x00000000ef880000,0x00000000ef980000)
 ParOldGen       total 41472K, used 8K [0x00000000c3000000, 0x00000000c5880000, 0x00000000eba80000)
  object space 41472K, 0% used [0x00000000c3000000,0x00000000c3002000,0x00000000c5880000)
 PSPermGen       total 21504K, used 4937K [0x00000000b8a00000, 0x00000000b9f00000, 0x00000000c3000000)
  object space 21504K, 22% used [0x00000000b8a00000,0x00000000b8ed2438,0x00000000b9f00000)
}
Event: 0.537 GC heap before
{Heap before GC invocations=7 (full 0):
 PSYoungGen      total 64512K, used 64135K [0x00000000eba80000, 0x00000000efa80000, 0x0000000100000000)
  eden space 63488K, 99% used [0x00000000eba80000,0x00000000ef879f18,0x00000000ef880000)
  from space 1024K, 65% used [0x00000000ef980000,0x00000000efa28000,0x00000000efa80000)
  to   space 1024K, 0% used [0x00000000ef880000,0x00000000ef880000,0x00000000ef980000)
 ParOldGen       total 41472K, used 8K [0x00000000c3000000, 0x00000000c5880000, 0x00000000eba80000)
  object space 41472K, 0% used [0x00000000c3000000,0x00000000c3002000,0x00000000c5880000)
 PSPermGen       total 21504K, used 4937K [0x00000000b8a00000, 0x00000000b9f00000, 0x00000000c3000000)
  object space 21504K, 22% used [0x00000000b8a00000,0x00000000b8ed2438,0x00000000b9f00000)
Event: 0.539 GC heap after
Heap after GC invocations=7 (full 0):
 PSYoungGen      total 64512K, used 262K [0x00000000eba80000, 0x00000000f3880000, 0x0000000100000000)
  eden space 63488K, 0% used [0x00000000eba80000,0x00000000eba80000,0x00000000ef880000)
  from space 1024K, 25% used [0x00000000ef880000,0x00000000ef8c1820,0x00000000ef980000)
  to   space 1024K, 0% used [0x00000000f3780000,0x00000000f3780000,0x00000000f3880000)
 ParOldGen       total 41472K, used 480K [0x00000000c3000000, 0x00000000c5880000, 0x00000000eba80000)
  object space 41472K, 1% used [0x00000000c3000000,0x00000000c3078088,0x00000000c5880000)
 PSPermGen       total 21504K, used 4937K [0x00000000b8a00000, 0x00000000b9f00000, 0x00000000c3000000)
  object space 21504K, 22% used [0x00000000b8a00000,0x00000000b8ed2438,0x00000000b9f00000)
}
Event: 0.594 GC heap before
{Heap before GC invocations=8 (full 0):
 PSYoungGen      total 64512K, used 63717K [0x00000000eba80000, 0x00000000f3880000, 0x0000000100000000)
  eden space 63488K, 99% used [0x00000000eba80000,0x00000000ef877f38,0x00000000ef880000)
  from space 1024K, 25% used [0x00000000ef880000,0x00000000ef8c1820,0x00000000ef980000)
  to   space 1024K, 0% used [0x00000000f3780000,0x00000000f3780000,0x00000000f3880000)
 ParOldGen       total 41472K, used 480K [0x00000000c3000000, 0x00000000c5880000, 0x00000000eba80000)
  object space 41472K, 1% used [0x00000000c3000000,0x00000000c3078088,0x00000000c5880000)
 PSPermGen       total 21504K, used 4937K [0x00000000b8a00000, 0x00000000b9f00000, 0x00000000c3000000)
  object space 21504K, 22% used [0x00000000b8a00000,0x00000000b8ed2438,0x00000000b9f00000)
Event: 0.595 GC heap after
Heap after GC invocations=8 (full 0):
 PSYoungGen      total 128000K, used 268K [0x00000000eba80000, 0x00000000f3880000, 0x0000000100000000)
  eden space 126976K, 0% used [0x00000000eba80000,0x00000000eba80000,0x00000000f3680000)
  from space 1024K, 26% used [0x00000000f3780000,0x00000000f37c3008,0x00000000f3880000)
  to   space 1024K, 0% used [0x00000000f3680000,0x00000000f3680000,0x00000000f3780000)
 ParOldGen       total 41472K, used 536K [0x00000000c3000000, 0x00000000c5880000, 0x00000000eba80000)
  object space 41472K, 1% used [0x00000000c3000000,0x00000000c3086088,0x00000000c5880000)
 PSPermGen       total 21504K, used 4937K [0x00000000b8a00000, 0x00000000b9f00000, 0x00000000c3000000)
  object space 21504K, 22% used [0x00000000b8a00000,0x00000000b8ed2438,0x00000000b9f00000)
}
Event: 0.639 GC heap before
{Heap before GC invocations=9 (full 0):
 PSYoungGen      total 128000K, used 127224K [0x00000000eba80000, 0x00000000f3880000, 0x0000000100000000)
  eden space 126976K, 99% used [0x00000000eba80000,0x00000000f367b090,0x00000000f3680000)
  from space 1024K, 26% used [0x00000000f3780000,0x00000000f37c3008,0x00000000f3880000)
  to   space 1024K, 0% used [0x00000000f3680000,0x00000000f3680000,0x00000000f3780000)
 ParOldGen       total 41472K, used 536K [0x00000000c3000000, 0x00000000c5880000, 0x00000000eba80000)
  object space 41472K, 1% used [0x00000000c3000000,0x00000000c3086088,0x00000000c5880000)
 PSPermGen       total 21504K, used 4937K [0x00000000b8a00000, 0x00000000b9f00000, 0x00000000c3000000)
  object space 21504K, 22% used [0x00000000b8a00000,0x00000000b8ed2438,0x00000000b9f00000)

Deoptimization events (4 events):
Event: 0.352 Thread 0x00007f5e3800a800 Uncommon trap: reason=array_check action=maybe_recompile pc=0x00007f5e3482a0c0 method=scala.collection.mutable.ArrayBuilder$ofRef.$plus$eq(Ljava/lang/Object;)Lscala/collection/mutable/ArrayBuilder$ofRef; @ 19
Event: 0.352 Thread 0x00007f5e3800a800 Uncommon trap: reason=array_check action=maybe_recompile pc=0x00007f5e3482a0c0 method=scala.collection.mutable.ArrayBuilder$ofRef.$plus$eq(Ljava/lang/Object;)Lscala/collection/mutable/ArrayBuilder$ofRef; @ 19
Event: 0.352 Thread 0x00007f5e3800a800 Uncommon trap: reason=array_check action=maybe_recompile pc=0x00007f5e3482a0c0 method=scala.collection.mutable.ArrayBuilder$ofRef.$plus$eq(Ljava/lang/Object;)Lscala/collection/mutable/ArrayBuilder$ofRef; @ 19
Event: 0.352 Thread 0x00007f5e3800a800 Uncommon trap: reason=array_check action=maybe_recompile pc=0x00007f5e3482a0c0 method=scala.collection.mutable.ArrayBuilder$ofRef.$plus$eq(Ljava/lang/Object;)Lscala/collection/mutable/ArrayBuilder$ofRef; @ 19

Internal exceptions (10 events):
Event: 0.074 Thread 0x00007f5e3800a800 Threw 0x00000000eba8f1f0 at /build/buildd/openjdk-7-7u71-2.5.3/build/openjdk/hotspot/src/share/vm/prims/jni.cpp:3995
Event: 0.204 Thread 0x00007f5e3800a800 Threw 0x00000000ebac29e0 at /build/buildd/openjdk-7-7u71-2.5.3/build/openjdk/hotspot/src/share/vm/prims/jni.cpp:721
Event: 0.204 Thread 0x00007f5e3800a800 Threw 0x00000000ebac2b60 at /build/buildd/openjdk-7-7u71-2.5.3/build/openjdk/hotspot/src/share/vm/prims/jvm.cpp:1284
Event: 0.204 Thread 0x00007f5e3800a800 Threw 0x00000000ebac2c88 at /build/buildd/openjdk-7-7u71-2.5.3/build/openjdk/hotspot/src/share/vm/prims/jvm.cpp:1284
Event: 0.205 Thread 0x00007f5e3800a800 Threw 0x00000000ebac8e60 at /build/buildd/openjdk-7-7u71-2.5.3/build/openjdk/hotspot/src/share/vm/prims/jvm.cpp:1284
Event: 0.209 Thread 0x00007f5e3800a800 Threw 0x00000000ebace528 at /build/buildd/openjdk-7-7u71-2.5.3/build/openjdk/hotspot/src/share/vm/prims/jvm.cpp:1284
Event: 0.245 Thread 0x00007f5e3800a800 Threw 0x00000000ebae49f8 at /build/buildd/openjdk-7-7u71-2.5.3/build/openjdk/hotspot/src/share/vm/prims/jvm.cpp:1284
Event: 0.246 Thread 0x00007f5e3800a800 Threw 0x00000000ebae9878 at /build/buildd/openjdk-7-7u71-2.5.3/build/openjdk/hotspot/src/share/vm/prims/jvm.cpp:1284
Event: 0.251 Thread 0x00007f5e3800a800 Threw 0x00000000ebaee010 at /build/buildd/openjdk-7-7u71-2.5.3/build/openjdk/hotspot/src/share/vm/prims/jvm.cpp:1284
Event: 0.255 Thread 0x00007f5e3800a800 Threw 0x00000000ebaf1050 at /build/buildd/openjdk-7-7u71-2.5.3/build/openjdk/hotspot/src/share/vm/prims/jvm.cpp:1284

Events (10 events):
Event: 0.467 Executing VM operation: ParallelGCFailedAllocation done
Event: 0.485 Executing VM operation: ParallelGCFailedAllocation
Event: 0.488 Executing VM operation: ParallelGCFailedAllocation done
Event: 0.501 Executing VM operation: ParallelGCFailedAllocation
Event: 0.503 Executing VM operation: ParallelGCFailedAllocation done
Event: 0.537 Executing VM operation: ParallelGCFailedAllocation
Event: 0.539 Executing VM operation: ParallelGCFailedAllocation done
Event: 0.594 Executing VM operation: ParallelGCFailedAllocation
Event: 0.595 Executing VM operation: ParallelGCFailedAllocation done
Event: 0.638 Executing VM operation: ParallelGCFailedAllocation


Dynamic libraries:
00400000-00401000 r-xp 00000000 08:07 396116                             /usr/lib/jvm/java-7-openjdk-amd64/jre/bin/java
00600000-00601000 r--p 00000000 08:07 396116                             /usr/lib/jvm/java-7-openjdk-amd64/jre/bin/java
00601000-00602000 rw-p 00001000 08:07 396116                             /usr/lib/jvm/java-7-openjdk-amd64/jre/bin/java
007ce000-007ef000 rw-p 00000000 00:00 0                                  [heap]
b8a00000-b9f00000 rw-p 00000000 00:00 0 
b9f00000-c3000000 rw-p 00000000 00:00 0 
c3000000-c5880000 rw-p 00000000 00:00 0 
c5880000-eba80000 rw-p 00000000 00:00 0 
eba80000-f3880000 rw-p 00000000 00:00 0 
f8300000-100000000 rw-p 00000000 00:00 0 
7f5e04000000-7f5e04021000 rw-p 00000000 00:00 0 
7f5e04021000-7f5e08000000 ---p 00000000 00:00 0 
7f5e0c000000-7f5e0c0e0000 rw-p 00000000 00:00 0 
7f5e0c0e0000-7f5e10000000 ---p 00000000 00:00 0 
7f5e10000000-7f5e10021000 rw-p 00000000 00:00 0 
7f5e10021000-7f5e14000000 ---p 00000000 00:00 0 
7f5e14000000-7f5e14021000 rw-p 00000000 00:00 0 
7f5e14021000-7f5e18000000 ---p 00000000 00:00 0 
7f5e18000000-7f5e18141000 rw-p 00000000 00:00 0 
7f5e18141000-7f5e1c000000 ---p 00000000 00:00 0 
7f5e1c000000-7f5e1c021000 rw-p 00000000 00:00 0 
7f5e1c021000-7f5e20000000 ---p 00000000 00:00 0 
7f5e20000000-7f5e20021000 rw-p 00000000 00:00 0 
7f5e20021000-7f5e24000000 ---p 00000000 00:00 0 
7f5e24000000-7f5e24021000 rw-p 00000000 00:00 0 
7f5e24021000-7f5e28000000 ---p 00000000 00:00 0 
7f5e28000000-7f5e28021000 rw-p 00000000 00:00 0 
7f5e28021000-7f5e2c000000 ---p 00000000 00:00 0 
7f5e2c000000-7f5e2c021000 rw-p 00000000 00:00 0 
7f5e2c021000-7f5e30000000 ---p 00000000 00:00 0 
7f5e30106000-7f5e30340000 rw-p 00000000 00:00 0 
7f5e30340000-7f5e30341000 ---p 00000000 00:00 0 
7f5e30341000-7f5e30441000 rw-p 00000000 00:00 0                          [stack:8142]
7f5e30441000-7f5e30444000 ---p 00000000 00:00 0 
7f5e30444000-7f5e30542000 rw-p 00000000 00:00 0                          [stack:8141]
7f5e30542000-7f5e30545000 ---p 00000000 00:00 0 
7f5e30545000-7f5e30643000 rw-p 00000000 00:00 0                          [stack:8140]
7f5e30643000-7f5e30646000 ---p 00000000 00:00 0 
7f5e30646000-7f5e30744000 rw-p 00000000 00:00 0                          [stack:8139]
7f5e30744000-7f5e30747000 ---p 00000000 00:00 0 
7f5e30747000-7f5e30845000 rw-p 00000000 00:00 0                          [stack:8138]
7f5e30845000-7f5e30c78000 r--p 00000000 08:07 268347                     /usr/lib/locale/locale-archive
7f5e30c78000-7f5e30c7b000 ---p 00000000 00:00 0 
7f5e30c7b000-7f5e30d79000 rw-p 00000000 00:00 0                          [stack:8137]
7f5e30d79000-7f5e30d7c000 ---p 00000000 00:00 0 
7f5e30d7c000-7f5e30e7a000 rw-p 00000000 00:00 0                          [stack:8136]
7f5e30e7a000-7f5e30e7b000 ---p 00000000 00:00 0 
7f5e30e7b000-7f5e31930000 rw-p 00000000 00:00 0                          [stack:8135]
7f5e31930000-7f5e31ae1000 r--s 01d25000 08:07 395728                     /usr/lib/jvm/java-7-openjdk-amd64/jre/lib/rt.jar
7f5e31ae1000-7f5e31b2d000 r--s 003e4000 00:1a 14157870                   /home/wildfield/Development/Scala/eclipse/plugins/org.scala-lang.scala-reflect_2.11.4.v20141023-110636-d783face36.jar
7f5e31b2d000-7f5e31b85000 r--s 004f0000 00:1a 14157868                   /home/wildfield/Development/Scala/eclipse/plugins/org.scala-lang.scala-library_2.11.4.v20141023-110636-d783face36.jar
7f5e31b85000-7f5e34241000 rw-p 00000000 00:00 0 
7f5e34241000-7f5e34242000 ---p 00000000 00:00 0 
7f5e34242000-7f5e34342000 rw-p 00000000 00:00 0                          [stack:8134]
7f5e34342000-7f5e34343000 ---p 00000000 00:00 0 
7f5e34343000-7f5e34458000 rw-p 00000000 00:00 0                          [stack:8132]
7f5e34458000-7f5e34589000 rw-p 00000000 00:00 0 
7f5e34589000-7f5e34594000 rw-p 00000000 00:00 0 
7f5e34594000-7f5e345dc000 rw-p 00000000 00:00 0 
7f5e345dc000-7f5e345f1000 rw-p 00000000 00:00 0 
7f5e345f1000-7f5e34721000 rw-p 00000000 00:00 0 
7f5e34721000-7f5e34761000 rw-p 00000000 00:00 0 
7f5e34761000-7f5e347c4000 rw-p 00000000 00:00 0 
7f5e347c4000-7f5e347c5000 rw-p 00000000 00:00 0 
7f5e347c5000-7f5e34a35000 rwxp 00000000 00:00 0 
7f5e34a35000-7f5e377c5000 rw-p 00000000 00:00 0 
7f5e377c5000-7f5e377cd000 r-xp 00000000 08:07 394465                     /usr/lib/jvm/java-7-openjdk-amd64/jre/lib/amd64/libzip.so
7f5e377cd000-7f5e379cc000 ---p 00008000 08:07 394465                     /usr/lib/jvm/java-7-openjdk-amd64/jre/lib/amd64/libzip.so
7f5e379cc000-7f5e379cd000 r--p 00007000 08:07 394465                     /usr/lib/jvm/java-7-openjdk-amd64/jre/lib/amd64/libzip.so
7f5e379cd000-7f5e379ce000 rw-p 00008000 08:07 394465                     /usr/lib/jvm/java-7-openjdk-amd64/jre/lib/amd64/libzip.so
7f5e379ce000-7f5e379d9000 r-xp 00000000 08:07 3010002                    /lib/x86_64-linux-gnu/libnss_files-2.19.so
7f5e379d9000-7f5e37bd8000 ---p 0000b000 08:07 3010002                    /lib/x86_64-linux-gnu/libnss_files-2.19.so
7f5e37bd8000-7f5e37bd9000 r--p 0000a000 08:07 3010002                    /lib/x86_64-linux-gnu/libnss_files-2.19.so
7f5e37bd9000-7f5e37bda000 rw-p 0000b000 08:07 3010002                    /lib/x86_64-linux-gnu/libnss_files-2.19.so
7f5e37bda000-7f5e37be5000 r-xp 00000000 08:07 3010012                    /lib/x86_64-linux-gnu/libnss_nis-2.19.so
7f5e37be5000-7f5e37de4000 ---p 0000b000 08:07 3010012                    /lib/x86_64-linux-gnu/libnss_nis-2.19.so
7f5e37de4000-7f5e37de5000 r--p 0000a000 08:07 3010012                    /lib/x86_64-linux-gnu/libnss_nis-2.19.so
7f5e37de5000-7f5e37de6000 rw-p 0000b000 08:07 3010012                    /lib/x86_64-linux-gnu/libnss_nis-2.19.so
7f5e37de6000-7f5e37dfd000 r-xp 00000000 08:07 3009858                    /lib/x86_64-linux-gnu/libnsl-2.19.so
7f5e37dfd000-7f5e37ffc000 ---p 00017000 08:07 3009858                    /lib/x86_64-linux-gnu/libnsl-2.19.so
7f5e37ffc000-7f5e37ffd000 r--p 00016000 08:07 3009858                    /lib/x86_64-linux-gnu/libnsl-2.19.so
7f5e37ffd000-7f5e37ffe000 rw-p 00017000 08:07 3009858                    /lib/x86_64-linux-gnu/libnsl-2.19.so
7f5e37ffe000-7f5e38000000 rw-p 00000000 00:00 0 
7f5e38000000-7f5e381d7000 rw-p 00000000 00:00 0 
7f5e381d7000-7f5e3c000000 ---p 00000000 00:00 0 
7f5e3c00c000-7f5e3c010000 r--s 00034000 08:07 395723                     /usr/lib/jvm/java-7-openjdk-amd64/jre/lib/ext/sunjce_provider.jar
7f5e3c010000-7f5e3c014000 r--s 0003c000 08:07 395719                     /usr/lib/jvm/java-7-openjdk-amd64/jre/lib/ext/sunpkcs11.jar
7f5e3c014000-7f5e3c047000 rw-p 00000000 00:00 0 
7f5e3c047000-7f5e3c08f000 rw-p 00000000 00:00 0 
7f5e3c08f000-7f5e3c098000 r-xp 00000000 08:07 3010006                    /lib/x86_64-linux-gnu/libnss_compat-2.19.so
7f5e3c098000-7f5e3c297000 ---p 00009000 08:07 3010006                    /lib/x86_64-linux-gnu/libnss_compat-2.19.so
7f5e3c297000-7f5e3c298000 r--p 00008000 08:07 3010006                    /lib/x86_64-linux-gnu/libnss_compat-2.19.so
7f5e3c298000-7f5e3c299000 rw-p 00009000 08:07 3010006                    /lib/x86_64-linux-gnu/libnss_compat-2.19.so
7f5e3c299000-7f5e3c2c4000 r-xp 00000000 08:07 394479                     /usr/lib/jvm/java-7-openjdk-amd64/jre/lib/amd64/libjava.so
7f5e3c2c4000-7f5e3c4c3000 ---p 0002b000 08:07 394479                     /usr/lib/jvm/java-7-openjdk-amd64/jre/lib/amd64/libjava.so
7f5e3c4c3000-7f5e3c4c4000 r--p 0002a000 08:07 394479                     /usr/lib/jvm/java-7-openjdk-amd64/jre/lib/amd64/libjava.so
7f5e3c4c4000-7f5e3c4c6000 rw-p 0002b000 08:07 394479                     /usr/lib/jvm/java-7-openjdk-amd64/jre/lib/amd64/libjava.so
7f5e3c4c6000-7f5e3c4d6000 r-xp 00000000 08:07 395513                     /usr/lib/jvm/java-7-openjdk-amd64/jre/lib/amd64/libverify.so
7f5e3c4d6000-7f5e3c6d5000 ---p 00010000 08:07 395513                     /usr/lib/jvm/java-7-openjdk-amd64/jre/lib/amd64/libverify.so
7f5e3c6d5000-7f5e3c6d7000 r--p 0000f000 08:07 395513                     /usr/lib/jvm/java-7-openjdk-amd64/jre/lib/amd64/libverify.so
7f5e3c6d7000-7f5e3c6d8000 rw-p 00011000 08:07 395513                     /usr/lib/jvm/java-7-openjdk-amd64/jre/lib/amd64/libverify.so
7f5e3c6d8000-7f5e3c6df000 r-xp 00000000 08:07 3010018                    /lib/x86_64-linux-gnu/librt-2.19.so
7f5e3c6df000-7f5e3c8de000 ---p 00007000 08:07 3010018                    /lib/x86_64-linux-gnu/librt-2.19.so
7f5e3c8de000-7f5e3c8df000 r--p 00006000 08:07 3010018                    /lib/x86_64-linux-gnu/librt-2.19.so
7f5e3c8df000-7f5e3c8e0000 rw-p 00007000 08:07 3010018                    /lib/x86_64-linux-gnu/librt-2.19.so
7f5e3c8e0000-7f5e3c8f6000 r-xp 00000000 08:07 3009087                    /lib/x86_64-linux-gnu/libgcc_s.so.1
7f5e3c8f6000-7f5e3caf5000 ---p 00016000 08:07 3009087                    /lib/x86_64-linux-gnu/libgcc_s.so.1
7f5e3caf5000-7f5e3caf6000 rw-p 00015000 08:07 3009087                    /lib/x86_64-linux-gnu/libgcc_s.so.1
7f5e3caf6000-7f5e3cbfb000 r-xp 00000000 08:07 3009856                    /lib/x86_64-linux-gnu/libm-2.19.so
7f5e3cbfb000-7f5e3cdfa000 ---p 00105000 08:07 3009856                    /lib/x86_64-linux-gnu/libm-2.19.so
7f5e3cdfa000-7f5e3cdfb000 r--p 00104000 08:07 3009856                    /lib/x86_64-linux-gnu/libm-2.19.so
7f5e3cdfb000-7f5e3cdfc000 rw-p 00105000 08:07 3009856                    /lib/x86_64-linux-gnu/libm-2.19.so
7f5e3cdfc000-7f5e3cee2000 r-xp 00000000 08:07 271058                     /usr/lib/x86_64-linux-gnu/libstdc++.so.6.0.19
7f5e3cee2000-7f5e3d0e1000 ---p 000e6000 08:07 271058                     /usr/lib/x86_64-linux-gnu/libstdc++.so.6.0.19
7f5e3d0e1000-7f5e3d0e9000 r--p 000e5000 08:07 271058                     /usr/lib/x86_64-linux-gnu/libstdc++.so.6.0.19
7f5e3d0e9000-7f5e3d0eb000 rw-p 000ed000 08:07 271058                     /usr/lib/x86_64-linux-gnu/libstdc++.so.6.0.19
7f5e3d0eb000-7f5e3d100000 rw-p 00000000 00:00 0 
7f5e3d100000-7f5e3dc16000 r-xp 00000000 08:07 395522                     /usr/lib/jvm/java-7-openjdk-amd64/jre/lib/amd64/server/libjvm.so
7f5e3dc16000-7f5e3de15000 ---p 00b16000 08:07 395522                     /usr/lib/jvm/java-7-openjdk-amd64/jre/lib/amd64/server/libjvm.so
7f5e3de15000-7f5e3deaf000 r--p 00b15000 08:07 395522                     /usr/lib/jvm/java-7-openjdk-amd64/jre/lib/amd64/server/libjvm.so
7f5e3deaf000-7f5e3ded2000 rw-p 00baf000 08:07 395522                     /usr/lib/jvm/java-7-openjdk-amd64/jre/lib/amd64/server/libjvm.so
7f5e3ded2000-7f5e3df00000 rw-p 00000000 00:00 0 
7f5e3df00000-7f5e3df18000 r-xp 00000000 08:07 3013149                    /lib/x86_64-linux-gnu/libz.so.1.2.8
7f5e3df18000-7f5e3e117000 ---p 00018000 08:07 3013149                    /lib/x86_64-linux-gnu/libz.so.1.2.8
7f5e3e117000-7f5e3e118000 r--p 00017000 08:07 3013149                    /lib/x86_64-linux-gnu/libz.so.1.2.8
7f5e3e118000-7f5e3e119000 rw-p 00018000 08:07 3013149                    /lib/x86_64-linux-gnu/libz.so.1.2.8
7f5e3e119000-7f5e3e132000 r-xp 00000000 08:07 3009992                    /lib/x86_64-linux-gnu/libpthread-2.19.so
7f5e3e132000-7f5e3e331000 ---p 00019000 08:07 3009992                    /lib/x86_64-linux-gnu/libpthread-2.19.so
7f5e3e331000-7f5e3e332000 r--p 00018000 08:07 3009992                    /lib/x86_64-linux-gnu/libpthread-2.19.so
7f5e3e332000-7f5e3e333000 rw-p 00019000 08:07 3009992                    /lib/x86_64-linux-gnu/libpthread-2.19.so
7f5e3e333000-7f5e3e337000 rw-p 00000000 00:00 0 
7f5e3e337000-7f5e3e33a000 r-xp 00000000 08:07 3010004                    /lib/x86_64-linux-gnu/libdl-2.19.so
7f5e3e33a000-7f5e3e539000 ---p 00003000 08:07 3010004                    /lib/x86_64-linux-gnu/libdl-2.19.so
7f5e3e539000-7f5e3e53a000 r--p 00002000 08:07 3010004                    /lib/x86_64-linux-gnu/libdl-2.19.so
7f5e3e53a000-7f5e3e53b000 rw-p 00003000 08:07 3010004                    /lib/x86_64-linux-gnu/libdl-2.19.so
7f5e3e53b000-7f5e3e6f6000 r-xp 00000000 08:07 3010014                    /lib/x86_64-linux-gnu/libc-2.19.so
7f5e3e6f6000-7f5e3e8f6000 ---p 001bb000 08:07 3010014                    /lib/x86_64-linux-gnu/libc-2.19.so
7f5e3e8f6000-7f5e3e8fa000 r--p 001bb000 08:07 3010014                    /lib/x86_64-linux-gnu/libc-2.19.so
7f5e3e8fa000-7f5e3e8fc000 rw-p 001bf000 08:07 3010014                    /lib/x86_64-linux-gnu/libc-2.19.so
7f5e3e8fc000-7f5e3e901000 rw-p 00000000 00:00 0 
7f5e3e901000-7f5e3e90e000 r-xp 00000000 08:07 394475                     /usr/lib/jvm/java-7-openjdk-amd64/jre/lib/amd64/jli/libjli.so
7f5e3e90e000-7f5e3eb0d000 ---p 0000d000 08:07 394475                     /usr/lib/jvm/java-7-openjdk-amd64/jre/lib/amd64/jli/libjli.so
7f5e3eb0d000-7f5e3eb0e000 r--p 0000c000 08:07 394475                     /usr/lib/jvm/java-7-openjdk-amd64/jre/lib/amd64/jli/libjli.so
7f5e3eb0e000-7f5e3eb0f000 rw-p 0000d000 08:07 394475                     /usr/lib/jvm/java-7-openjdk-amd64/jre/lib/amd64/jli/libjli.so
7f5e3eb0f000-7f5e3eb32000 r-xp 00000000 08:07 3010007                    /lib/x86_64-linux-gnu/ld-2.19.so
7f5e3eb32000-7f5e3eb53000 rw-p 00000000 00:00 0 
7f5e3eb53000-7f5e3ec09000 rw-p 00000000 00:00 0 
7f5e3ec09000-7f5e3ec0c000 ---p 00000000 00:00 0 
7f5e3ec0c000-7f5e3ed10000 rw-p 00000000 00:00 0                          [stack:8129]
7f5e3ed10000-7f5e3ed12000 r--s 00012000 08:07 395710                     /usr/lib/jvm/java-7-openjdk-amd64/jre/lib/ext/zipfs.jar
7f5e3ed12000-7f5e3ed16000 r--s 00085000 08:07 395721                     /usr/lib/jvm/java-7-openjdk-amd64/jre/lib/ext/localedata.jar
7f5e3ed16000-7f5e3ed19000 r--s 0000f000 08:07 395702                     /usr/lib/jvm/java-7-openjdk-amd64/jre/lib/ext/icedtea-sound.jar
7f5e3ed19000-7f5e3ed1a000 r--s 00002000 08:07 395725                     /usr/lib/jvm/java-7-openjdk-amd64/jre/lib/ext/dnsns.jar
7f5e3ed1a000-7f5e3ed1c000 r--s 00006000 08:07 662497                     /usr/share/java/java-atk-wrapper.jar
7f5e3ed1c000-7f5e3ed25000 r--s 0006b000 00:1a 14157864                   /home/wildfield/Development/Scala/eclipse/plugins/org.scala-lang.scala-actors_2.11.4.v20141023-110636-d783face36.jar
7f5e3ed25000-7f5e3ed2d000 rw-s 00000000 08:07 2877990                    /tmp/hsperfdata_wildfield/8127
7f5e3ed2d000-7f5e3ed2e000 rw-p 00000000 00:00 0 
7f5e3ed2e000-7f5e3ed2f000 ---p 00000000 00:00 0 
7f5e3ed2f000-7f5e3ed31000 rw-p 00000000 00:00 0 
7f5e3ed31000-7f5e3ed32000 r--p 00022000 08:07 3010007                    /lib/x86_64-linux-gnu/ld-2.19.so
7f5e3ed32000-7f5e3ed33000 rw-p 00023000 08:07 3010007                    /lib/x86_64-linux-gnu/ld-2.19.so
7f5e3ed33000-7f5e3ed34000 rw-p 00000000 00:00 0 
7fffb183e000-7fffb185f000 rw-p 00000000 00:00 0                          [stack]
7fffb19fe000-7fffb1a00000 r-xp 00000000 00:00 0                          [vdso]
ffffffffff600000-ffffffffff601000 r-xp 00000000 00:00 0                  [vsyscall]

VM Arguments:
jvm_args: -Dfile.encoding=UTF-8 -Xbootclasspath/p:/home/wildfield/Development/Scala/eclipse/plugins/org.scala-lang.scala-library_2.11.4.v20141023-110636-d783face36.jar:/home/wildfield/Development/Scala/eclipse/plugins/org.scala-lang.scala-reflect_2.11.4.v20141023-110636-d783face36.jar:/home/wildfield/Development/Scala/eclipse/plugins/org.scala-lang.scala-actors_2.11.4.v20141023-110636-d783face36.jar 
java_command: peg.Main
Launcher Type: SUN_STANDARD

Environment Variables:
PATH=/home/wildfield/Development/Scala/scala/bin:/home/wildfield/bin:/usr/local/sbin:/usr/local/bin:/usr/sbin:/usr/bin:/sbin:/bin:/usr/games:/usr/local/games
USERNAME=wildfield
SHELL=/bin/bash
DISPLAY=:0.0

Signal Handlers:
SIGSEGV: [libjvm.so+0x9495e0], sa_mask[0]=0x7ffbfeff, sa_flags=0x10000004
SIGBUS: [libjvm.so+0x9495e0], sa_mask[0]=0x7ffbfeff, sa_flags=0x10000004
SIGFPE: [libjvm.so+0x7c3410], sa_mask[0]=0x7ffbfeff, sa_flags=0x10000004
SIGPIPE: [libjvm.so+0x7c3410], sa_mask[0]=0x7ffbfeff, sa_flags=0x10000004
SIGXFSZ: [libjvm.so+0x7c3410], sa_mask[0]=0x7ffbfeff, sa_flags=0x10000004
SIGILL: [libjvm.so+0x7c3410], sa_mask[0]=0x7ffbfeff, sa_flags=0x10000004
SIGUSR1: SIG_DFL, sa_mask[0]=0x00000000, sa_flags=0x00000000
SIGUSR2: [libjvm.so+0x7c32b0], sa_mask[0]=0x00000004, sa_flags=0x10000004
SIGHUP: [libjvm.so+0x7c3490], sa_mask[0]=0x7ffbfeff, sa_flags=0x10000004
SIGINT: [libjvm.so+0x7c3490], sa_mask[0]=0x7ffbfeff, sa_flags=0x10000004
SIGTERM: [libjvm.so+0x7c3490], sa_mask[0]=0x7ffbfeff, sa_flags=0x10000004
SIGQUIT: [libjvm.so+0x7c3490], sa_mask[0]=0x7ffbfeff, sa_flags=0x10000004
SIGTRAP: SIG_DFL, sa_mask[0]=0x00000000, sa_flags=0x00000000


---------------  S Y S T E M  ---------------

OS:LinuxMint 17 (qiana)
uname:Linux 3.13.0-24-generic #47-Ubuntu SMP Fri May 2 23:30:00 UTC 2014 x86_64
libc:glibc 2.19 NPTL 2.19 
rlimit: STACK 8192k, CORE 0k, NPROC 30970, NOFILE 4096, AS infinity
load average:7.03 2.15 1.36

/proc/meminfo:
MemTotal:        3994848 kB
MemFree:          119996 kB
Buffers:             836 kB
Cached:           128476 kB
SwapCached:            0 kB
Active:          3523068 kB
Inactive:         122772 kB
Active(anon):    3518228 kB
Inactive(anon):    93588 kB
Active(file):       4840 kB
Inactive(file):    29184 kB
Unevictable:          16 kB
Mlocked:              16 kB
SwapTotal:             0 kB
SwapFree:              0 kB
Dirty:               292 kB
Writeback:            16 kB
AnonPages:       3516604 kB
Mapped:           158304 kB
Shmem:             95228 kB
Slab:              59180 kB
SReclaimable:      20520 kB
SUnreclaim:        38660 kB
KernelStack:        5512 kB
PageTables:        46160 kB
NFS_Unstable:          0 kB
Bounce:                0 kB
WritebackTmp:          0 kB
CommitLimit:     1997424 kB
Committed_AS:    8531396 kB
VmallocTotal:   34359738367 kB
VmallocUsed:      111288 kB
VmallocChunk:   34359621116 kB
HardwareCorrupted:     0 kB
AnonHugePages:    735232 kB
HugePages_Total:       0
HugePages_Free:        0
HugePages_Rsvd:        0
HugePages_Surp:        0
Hugepagesize:       2048 kB
DirectMap4k:      245500 kB
DirectMap2M:     3895296 kB


CPU:total 2 (2 cores per cpu, 1 threads per core) family 6 model 58 stepping 9, cmov, cx8, fxsr, mmx, sse, sse2, sse3, ssse3, sse4.1, sse4.2, popcnt, erms, tsc, tscinvbit, tscinv

/proc/cpuinfo:
processor	: 0
vendor_id	: GenuineIntel
cpu family	: 6
model		: 58
model name	: Intel(R) Pentium(R) CPU G2020 @ 2.90GHz
stepping	: 9
microcode	: 0x17
cpu MHz		: 2900.000
cache size	: 3072 KB
physical id	: 0
siblings	: 2
core id		: 0
cpu cores	: 2
apicid		: 0
initial apicid	: 0
fpu		: yes
fpu_exception	: yes
cpuid level	: 13
wp		: yes
flags		: fpu vme de pse tsc msr pae mce cx8 apic sep mtrr pge mca cmov pat pse36 clflush dts acpi mmx fxsr sse sse2 ss ht tm pbe syscall nx rdtscp lm constant_tsc arch_perfmon pebs bts rep_good nopl xtopology nonstop_tsc aperfmperf eagerfpu pni pclmulqdq dtes64 monitor ds_cpl vmx est tm2 ssse3 cx16 xtpr pdcm pcid sse4_1 sse4_2 popcnt tsc_deadline_timer xsave lahf_lm arat epb xsaveopt pln pts dtherm tpr_shadow vnmi flexpriority ept vpid fsgsbase smep erms
bogomips	: 5786.57
clflush size	: 64
cache_alignment	: 64
address sizes	: 36 bits physical, 48 bits virtual
power management:

processor	: 1
vendor_id	: GenuineIntel
cpu family	: 6
model		: 58
model name	: Intel(R) Pentium(R) CPU G2020 @ 2.90GHz
stepping	: 9
microcode	: 0x17
cpu MHz		: 2900.000
cache size	: 3072 KB
physical id	: 0
siblings	: 2
core id		: 1
cpu cores	: 2
apicid		: 2
initial apicid	: 2
fpu		: yes
fpu_exception	: yes
cpuid level	: 13
wp		: yes
flags		: fpu vme de pse tsc msr pae mce cx8 apic sep mtrr pge mca cmov pat pse36 clflush dts acpi mmx fxsr sse sse2 ss ht tm pbe syscall nx rdtscp lm constant_tsc arch_perfmon pebs bts rep_good nopl xtopology nonstop_tsc aperfmperf eagerfpu pni pclmulqdq dtes64 monitor ds_cpl vmx est tm2 ssse3 cx16 xtpr pdcm pcid sse4_1 sse4_2 popcnt tsc_deadline_timer xsave lahf_lm arat epb xsaveopt pln pts dtherm tpr_shadow vnmi flexpriority ept vpid fsgsbase smep erms
bogomips	: 5786.57
clflush size	: 64
cache_alignment	: 64
address sizes	: 36 bits physical, 48 bits virtual
power management:



Memory: 4k page, physical 3994848k(119996k free), swap 0k(0k free)

vm_info: OpenJDK 64-Bit Server VM (24.65-b04) for linux-amd64 JRE (1.7.0_65-b32), built on Oct 22 2014 04:37:44 by "buildd" with gcc 4.8.2

time: Mon Jan  5 23:53:01 2015
elapsed time: 19 seconds

